<?xml version="1.0" encoding="UTF-8"?>
<!-- Generated by org.testng.reporters.JUnitReportReporter -->
<testsuite hostname="DESKTOP-NEHAT2F" failures="0" tests="1" name="leucine.tests.Dbeaver" time="16.804" errors="0" timestamp="2021-12-22T16:18:22 IST" skipped="0">
  <testcase classname="leucine.tests.Dbeaver" name="registerOnSite" time="16.804"/>
  <system-out/>
</testsuite> <!-- leucine.tests.Dbeaver -->
